{"uuid":"1bfcf380-3fac-49b7-b96c-e0c4a8296456","historyId":"f3bc777d8e5eae455a0b3410d870d57c","fullName":"TestCasesAndroid.GeneralStore_RegistrationTestcase.FillForm","labels":[{"name":"package","value":"TestCasesAndroid.GeneralStore_RegistrationTestcase"},{"name":"testClass","value":"TestCasesAndroid.GeneralStore_RegistrationTestcase"},{"name":"testMethod","value":"FillForm"},{"name":"parentSuite","value":"All Test Suite"},{"name":"suite","value":"C:/Users/Prince Pineda/IdeaProjects/AppiumTrainingHybridFramework"},{"name":"subSuite","value":"TestCasesAndroid.GeneralStore_RegistrationTestcase"},{"name":"host","value":"PPineda-EDP-100-958"},{"name":"thread","value":"25640@PPineda-EDP-100-958.main(1)"},{"name":"framework","value":"testng"},{"name":"language","value":"java"},{"name":"story","value":"Story: Positive Flow Scenrio In General Store App"},{"name":"feature","value":"Happy Path Testing - End To End"},{"name":"epic","value":"test1"}],"links":[],"name":"FillForm","status":"broken","statusDetails":{"known":false,"muted":false,"flaky":false,"message":"Cannot invoke \"org.openqa.selenium.TakesScreenshot.getScreenshotAs(org.openqa.selenium.OutputType)\" because \"Base.Listener.driver\" is null","trace":"java.lang.NullPointerException: Cannot invoke \"org.openqa.selenium.TakesScreenshot.getScreenshotAs(org.openqa.selenium.OutputType)\" because \"Base.Listener.driver\" is null\r\n\tat Base.Listener.captureScreenshot(Listener.java:31)\r\n\tat Base.Listener.afterInvocation(Listener.java:20)\r\n\tat org.testng.internal.invokers.InvokedMethodListenerInvoker.invokeListener(InvokedMethodListenerInvoker.java:59)\r\n\tat org.testng.internal.invokers.BaseInvoker.runInvokedMethodListeners(BaseInvoker.java:80)\r\n\tat org.testng.internal.invokers.TestInvoker.invokeMethod(TestInvoker.java:723)\r\n\tat org.testng.internal.invokers.TestInvoker.invokeTestMethod(TestInvoker.java:227)\r\n\tat org.testng.internal.invokers.MethodRunner.runInSequence(MethodRunner.java:50)\r\n\tat org.testng.internal.invokers.TestInvoker$MethodInvocationAgent.invoke(TestInvoker.java:957)\r\n\tat org.testng.internal.invokers.TestInvoker.invokeTestMethods(TestInvoker.java:200)\r\n\tat org.testng.internal.invokers.TestMethodWorker.invokeTestMethods(TestMethodWorker.java:148)\r\n\tat org.testng.internal.invokers.TestMethodWorker.run(TestMethodWorker.java:128)\r\n\tat java.base/java.util.ArrayList.forEach(ArrayList.java:1511)\r\n\tat org.testng.TestRunner.privateRun(TestRunner.java:848)\r\n\tat org.testng.TestRunner.run(TestRunner.java:621)\r\n\tat org.testng.SuiteRunner.runTest(SuiteRunner.java:443)\r\n\tat org.testng.SuiteRunner.runSequentially(SuiteRunner.java:437)\r\n\tat org.testng.SuiteRunner.privateRun(SuiteRunner.java:397)\r\n\tat org.testng.SuiteRunner.run(SuiteRunner.java:336)\r\n\tat org.testng.SuiteRunnerWorker.runSuite(SuiteRunnerWorker.java:52)\r\n\tat org.testng.SuiteRunnerWorker.run(SuiteRunnerWorker.java:95)\r\n\tat org.testng.TestNG.runSuitesSequentially(TestNG.java:1280)\r\n\tat org.testng.TestNG.runSuitesLocally(TestNG.java:1200)\r\n\tat org.testng.TestNG.runSuites(TestNG.java:1114)\r\n\tat org.testng.TestNG.run(TestNG.java:1082)\r\n\tat com.intellij.rt.testng.IDEARemoteTestNG.run(IDEARemoteTestNG.java:66)\r\n\tat com.intellij.rt.testng.RemoteTestNGStarter.main(RemoteTestNGStarter.java:105)\r\n"},"stage":"finished","description":"Test Description: Fill The Form, Select Items, Validate Items, and SubmitForm","steps":[{"name":"General Store Fill Up The Landing Page: Set Country Selection","status":"passed","stage":"finished","steps":[],"attachments":[],"parameters":[{"name":"countryName","value":"Denmark"}],"start":1701329508426,"stop":1701329536867},{"name":"General Store Fill Up The Landing Page: Error Login Assertion","status":"passed","stage":"finished","steps":[],"attachments":[{"name":"screenshot","source":"4fd7a275-748b-4eb9-ba82-9b4373cb4a7b-attachment","type":"image/png"},{"name":"Step Verification Logs: Blank Name Then Direct Click To The Lets Shop Button.","source":"d9f07e1a-1366-4d89-bac6-78e40378cafb-attachment.txt","type":"text/plain"}],"parameters":[],"start":1701329536867,"stop":1701329540129},{"name":"General Store Fill Up The Landing Page: Set Name Field","status":"passed","stage":"finished","steps":[],"attachments":[],"parameters":[{"name":"name","value":"Aimee Stone"}],"start":1701329540129,"stop":1701329540340},{"name":"General Store Fill Up The Landing Page: Set Gender","status":"passed","stage":"finished","steps":[],"attachments":[],"parameters":[{"name":"gender","value":"Female"}],"start":1701329540340,"stop":1701329541013},{"name":"General Store Fill Up The Landing Page: Submit Button","status":"passed","stage":"finished","steps":[],"attachments":[],"parameters":[],"start":1701329541013,"stop":1701329541948},{"name":"General Store Item Selection of Product Page: Add Multiple Item To The Cart","status":"passed","stage":"finished","steps":[],"attachments":[],"parameters":[{"name":"Item1","value":"Nike Blazer Mid '77"},{"name":"Item2","value":"Jordan 6 Rings"}],"start":1701329541949,"stop":1701329561800},{"name":"General Store Item Selection of Product Page: Click The Cart Button","status":"passed","stage":"finished","steps":[],"attachments":[],"parameters":[],"start":1701329561800,"stop":1701329563065},{"name":"General Store Validation Of The Cart Page: Cart Page Title Assertion","status":"passed","stage":"finished","steps":[],"attachments":[],"parameters":[],"start":1701329563066,"stop":1701329564451},{"name":"General Store Validation Of The Cart Page: Selected Items From The Product Page to Cart Page Assertion","status":"passed","stage":"finished","steps":[],"attachments":[],"parameters":[{"name":"itemCount","value":"2"},{"name":"item1","value":"Nike Blazer Mid '77"},{"name":"item2","value":"Jordan 6 Rings"}],"start":1701329564452,"stop":1701329564800},{"name":"General Store Validation Of The Cart Page: Summation Of Selected Item Prices Then Comparison To The Total Amount Display","status":"passed","stage":"finished","steps":[],"attachments":[],"parameters":[{"name":"TotalSum","value":"275.0"},{"name":"DisplayFormattedSum","value":"275.0"}],"start":1701329565149,"stop":1701329565149},{"name":"General Store Validation Of The Cart Page: Check Box For Send Email And Long Press Of Terms Agreement","status":"passed","stage":"finished","steps":[],"attachments":[],"parameters":[],"start":1701329565150,"stop":1701329569888},{"name":"General Store Validation Of The Cart Page: Terms Of Agreement Assertion","status":"passed","stage":"finished","steps":[],"attachments":[],"parameters":[],"start":1701329569888,"stop":1701329571263},{"name":"General Store Validation Of The Cart Page: Click Visit To Website Button","status":"broken","statusDetails":{"known":false,"muted":false,"flaky":false,"message":"no such element: Unable to locate element: {\"method\":\"css selector\",\"selector\":\"*[name='q']\"}\n  (Session info: chrome=103.0.5060.71)\nFor documentation on this error, please visit: https://www.selenium.dev/documentation/webdriver/troubleshooting/errors#no-such-element-exception\nBuild info: version: '4.15.0', revision: '1d14b5521b'\nSystem info: os.name: 'Windows 11', os.arch: 'amd64', os.version: '10.0', java.version: '20.0.2'\nDriver info: io.appium.java_client.android.AndroidDriver\nCommand: [6ae3021b-6ae8-4902-a54c-6b7fae99168f, findElement {using=css selector, value=*[name='q']}]\nCapabilities {appium:app: C:\\Users\\Prince Pineda\\Idea..., appium:appPackage: com.androidsample.generalstore, appium:automationName: UIAutomator2, appium:chromedriverEnableAsyncDownload: true, appium:databaseEnabled: false, appium:desired: {app: C:\\Users\\Prince Pineda\\Idea..., automationName: UIAutomator2, chromedriverEnableAsyncDownload: true, deviceName: Pixel 7 API 33, platformName: ANDROID}, appium:deviceApiLevel: 33, appium:deviceManufacturer: Google, appium:deviceModel: sdk_gphone64_x86_64, appium:deviceName: emulator-5554, appium:deviceScreenDensity: 420, appium:deviceScreenSize: 1080x2400, appium:deviceUDID: emulator-5554, appium:javascriptEnabled: true, appium:locationContextEnabled: false, appium:networkConnectionEnabled: true, appium:pixelRatio: 2.625, appium:platformVersion: 13, appium:statBarHeight: 63, appium:takesScreenshot: true, appium:viewportRect: {height: 2274, left: 0, top: 63, width: 1080}, appium:warnings: {}, appium:webStorageEnabled: false, platformName: ANDROID}\nSession ID: 6ae3021b-6ae8-4902-a54c-6b7fae99168f","trace":"org.openqa.selenium.NoSuchElementException: no such element: Unable to locate element: {\"method\":\"css selector\",\"selector\":\"*[name='q']\"}\n  (Session info: chrome=103.0.5060.71)\nFor documentation on this error, please visit: https://www.selenium.dev/documentation/webdriver/troubleshooting/errors#no-such-element-exception\nBuild info: version: '4.15.0', revision: '1d14b5521b'\nSystem info: os.name: 'Windows 11', os.arch: 'amd64', os.version: '10.0', java.version: '20.0.2'\nDriver info: io.appium.java_client.android.AndroidDriver\nCommand: [6ae3021b-6ae8-4902-a54c-6b7fae99168f, findElement {using=css selector, value=*[name='q']}]\nCapabilities {appium:app: C:\\Users\\Prince Pineda\\Idea..., appium:appPackage: com.androidsample.generalstore, appium:automationName: UIAutomator2, appium:chromedriverEnableAsyncDownload: true, appium:databaseEnabled: false, appium:desired: {app: C:\\Users\\Prince Pineda\\Idea..., automationName: UIAutomator2, chromedriverEnableAsyncDownload: true, deviceName: Pixel 7 API 33, platformName: ANDROID}, appium:deviceApiLevel: 33, appium:deviceManufacturer: Google, appium:deviceModel: sdk_gphone64_x86_64, appium:deviceName: emulator-5554, appium:deviceScreenDensity: 420, appium:deviceScreenSize: 1080x2400, appium:deviceUDID: emulator-5554, appium:javascriptEnabled: true, appium:locationContextEnabled: false, appium:networkConnectionEnabled: true, appium:pixelRatio: 2.625, appium:platformVersion: 13, appium:statBarHeight: 63, appium:takesScreenshot: true, appium:viewportRect: {height: 2274, left: 0, top: 63, width: 1080}, appium:warnings: {}, appium:webStorageEnabled: false, platformName: ANDROID}\nSession ID: 6ae3021b-6ae8-4902-a54c-6b7fae99168f\r\n\tat java.base/jdk.internal.reflect.DirectConstructorHandleAccessor.newInstance(DirectConstructorHandleAccessor.java:67)\r\n\tat java.base/java.lang.reflect.Constructor.newInstanceWithCaller(Constructor.java:500)\r\n\tat java.base/java.lang.reflect.Constructor.newInstance(Constructor.java:484)\r\n\tat org.openqa.selenium.remote.codec.w3c.W3CHttpResponseCodec.createException(W3CHttpResponseCodec.java:200)\r\n\tat org.openqa.selenium.remote.codec.w3c.W3CHttpResponseCodec.decode(W3CHttpResponseCodec.java:133)\r\n\tat org.openqa.selenium.remote.codec.w3c.W3CHttpResponseCodec.decode(W3CHttpResponseCodec.java:52)\r\n\tat org.openqa.selenium.remote.HttpCommandExecutor.execute(HttpCommandExecutor.java:191)\r\n\tat io.appium.java_client.remote.AppiumCommandExecutor.execute(AppiumCommandExecutor.java:238)\r\n\tat org.openqa.selenium.remote.RemoteWebDriver.execute(RemoteWebDriver.java:607)\r\n\tat org.openqa.selenium.remote.ElementLocation$ElementFinder$2.findElement(ElementLocation.java:165)\r\n\tat org.openqa.selenium.remote.ElementLocation.findElement(ElementLocation.java:59)\r\n\tat org.openqa.selenium.remote.RemoteWebDriver.findElement(RemoteWebDriver.java:364)\r\n\tat org.openqa.selenium.remote.RemoteWebDriver.findElement(RemoteWebDriver.java:358)\r\n\tat org.openqa.selenium.By$PreW3CLocator.findElement(By.java:430)\r\n\tat org.openqa.selenium.By$ByName.findElement(By.java:237)\r\n\tat org.openqa.selenium.remote.ElementLocation$ElementFinder$1.findElement(ElementLocation.java:139)\r\n\tat org.openqa.selenium.remote.ElementLocation.findElement(ElementLocation.java:81)\r\n\tat org.openqa.selenium.remote.RemoteWebDriver.findElement(RemoteWebDriver.java:364)\r\n\tat org.openqa.selenium.remote.RemoteWebDriver.findElement(RemoteWebDriver.java:358)\r\n\tat PageObject.GeneralStoreCartPage.VisitWebsiteBtn(GeneralStoreCartPage.java:141)\r\n\tat TestCasesAndroid.GeneralStore_RegistrationTestcase.FillForm(GeneralStore_RegistrationTestcase.java:56)\r\n\tat java.base/jdk.internal.reflect.DirectMethodHandleAccessor.invoke(DirectMethodHandleAccessor.java:104)\r\n\tat java.base/java.lang.reflect.Method.invoke(Method.java:578)\r\n\tat org.testng.internal.invokers.MethodInvocationHelper.invokeMethod(MethodInvocationHelper.java:139)\r\n\tat org.testng.internal.invokers.TestInvoker.invokeMethod(TestInvoker.java:664)\r\n\tat org.testng.internal.invokers.TestInvoker.invokeTestMethod(TestInvoker.java:227)\r\n\tat org.testng.internal.invokers.MethodRunner.runInSequence(MethodRunner.java:50)\r\n\tat org.testng.internal.invokers.TestInvoker$MethodInvocationAgent.invoke(TestInvoker.java:957)\r\n\tat org.testng.internal.invokers.TestInvoker.invokeTestMethods(TestInvoker.java:200)\r\n\tat org.testng.internal.invokers.TestMethodWorker.invokeTestMethods(TestMethodWorker.java:148)\r\n\tat org.testng.internal.invokers.TestMethodWorker.run(TestMethodWorker.java:128)\r\n\tat java.base/java.util.ArrayList.forEach(ArrayList.java:1511)\r\n\tat org.testng.TestRunner.privateRun(TestRunner.java:848)\r\n\tat org.testng.TestRunner.run(TestRunner.java:621)\r\n\tat org.testng.SuiteRunner.runTest(SuiteRunner.java:443)\r\n\tat org.testng.SuiteRunner.runSequentially(SuiteRunner.java:437)\r\n\tat org.testng.SuiteRunner.privateRun(SuiteRunner.java:397)\r\n\tat org.testng.SuiteRunner.run(SuiteRunner.java:336)\r\n\tat org.testng.SuiteRunnerWorker.runSuite(SuiteRunnerWorker.java:52)\r\n\tat org.testng.SuiteRunnerWorker.run(SuiteRunnerWorker.java:95)\r\n\tat org.testng.TestNG.runSuitesSequentially(TestNG.java:1280)\r\n\tat org.testng.TestNG.runSuitesLocally(TestNG.java:1200)\r\n\tat org.testng.TestNG.runSuites(TestNG.java:1114)\r\n\tat org.testng.TestNG.run(TestNG.java:1082)\r\n\tat com.intellij.rt.testng.IDEARemoteTestNG.run(IDEARemoteTestNG.java:66)\r\n\tat com.intellij.rt.testng.RemoteTestNGStarter.main(RemoteTestNGStarter.java:105)\r\n"},"stage":"finished","steps":[],"attachments":[],"parameters":[],"start":1701329571263,"stop":1701329584934}],"attachments":[],"parameters":[{"name":"arg3","value":"Nike Blazer Mid '77"},{"name":"arg2","value":"Female"},{"name":"arg4","value":"Jordan 6 Rings"},{"name":"arg1","value":"Denmark"},{"name":"arg0","value":"Aimee Stone"}],"start":1701329508400,"stop":1701329584938}