{"uuid":"9d3d26fb-9fe6-4121-b269-5df3ed1395f9","historyId":"5128657e48eed94e21e469c0b8dab0f9","fullName":"TestCases.AndroidBase_TestCases.Test1","labels":[{"name":"package","value":"TestCases.AndroidBase_TestCases"},{"name":"testClass","value":"TestCases.AndroidBase_TestCases"},{"name":"testMethod","value":"Test1"},{"name":"parentSuite","value":"Default Suite"},{"name":"suite","value":"AppiumTrainingHybridFramework"},{"name":"subSuite","value":"TestCases.AndroidBase_TestCases"},{"name":"host","value":"PPineda-EDP-100-981.local"},{"name":"thread","value":"30345@PPineda-EDP-100-981.local.main(1)"},{"name":"framework","value":"testng"},{"name":"language","value":"java"}],"links":[],"name":"Test1","status":"skipped","statusDetails":{"known":false,"muted":false,"flaky":false,"message":"Could not start a new session. Response code 500. Message: An unknown server-side error occurred while processing the command. Original error: Error executing adbExec. Original error: 'Command '/Users/princeanriepineda/Library/Android/sdk/platform-tools/adb -P 5037 -s emulator-5554 install /Users/princeanriepineda/GitAppium/AppiumTrainingHybridFramework/src/main/java/ResourcesAPK/base.apk' exited with code 1'; Command output: adb: failed to install /Users/princeanriepineda/GitAppium/AppiumTrainingHybridFramework/src/main/java/ResourcesAPK/base.apk: Failure [INSTALL_FAILED_NO_MATCHING_ABIS: INSTALL_FAILED_NO_MATCHING_ABIS: Failed to extract native libraries, res=-113]\n \nHost info: host: 'PPineda-EDP-100-981.local', ip: 'fe80:0:0:0:1446:438d:b699:b85%en0'\nBuild info: version: '4.16.1', revision: '9b4c83354e'\nSystem info: os.name: 'Mac OS X', os.arch: 'aarch64', os.version: '14.1.2', java.version: '21.0.1'\nDriver info: io.appium.java_client.android.AndroidDriver\nCommand: [null, newSession {capabilities=[{appium:chromedriverEnableAsyncDownload=true, appium:deviceName=Pixel 7 Pro API 34, platformName=ANDROID, appium:automationName=UIAutomator2, appium:app=/Users/princeanriepineda/GitAppium/AppiumTrainingHybridFramework/src/main/java/ResourcesAPK/base.apk}], desiredCapabilities=Capabilities {appium:app: /Users/princeanriepineda/Gi..., appium:automationName: UIAutomator2, appium:chromedriverEnableAsyncDownload: true, appium:deviceName: Pixel 7 Pro API 34, platformName: ANDROID}}]\nCapabilities {appium:app: /Users/princeanriepineda/Gi..., appium:automationName: UIAutomator2, appium:chromedriverEnableAsyncDownload: true, appium:deviceName: Pixel 7 Pro API 34, platformName: ANDROID}","trace":"org.openqa.selenium.SessionNotCreatedException: Could not start a new session. Response code 500. Message: An unknown server-side error occurred while processing the command. Original error: Error executing adbExec. Original error: 'Command '/Users/princeanriepineda/Library/Android/sdk/platform-tools/adb -P 5037 -s emulator-5554 install /Users/princeanriepineda/GitAppium/AppiumTrainingHybridFramework/src/main/java/ResourcesAPK/base.apk' exited with code 1'; Command output: adb: failed to install /Users/princeanriepineda/GitAppium/AppiumTrainingHybridFramework/src/main/java/ResourcesAPK/base.apk: Failure [INSTALL_FAILED_NO_MATCHING_ABIS: INSTALL_FAILED_NO_MATCHING_ABIS: Failed to extract native libraries, res=-113]\n \nHost info: host: 'PPineda-EDP-100-981.local', ip: 'fe80:0:0:0:1446:438d:b699:b85%en0'\nBuild info: version: '4.16.1', revision: '9b4c83354e'\nSystem info: os.name: 'Mac OS X', os.arch: 'aarch64', os.version: '14.1.2', java.version: '21.0.1'\nDriver info: io.appium.java_client.android.AndroidDriver\nCommand: [null, newSession {capabilities=[{appium:chromedriverEnableAsyncDownload=true, appium:deviceName=Pixel 7 Pro API 34, platformName=ANDROID, appium:automationName=UIAutomator2, appium:app=/Users/princeanriepineda/GitAppium/AppiumTrainingHybridFramework/src/main/java/ResourcesAPK/base.apk}], desiredCapabilities=Capabilities {appium:app: /Users/princeanriepineda/Gi..., appium:automationName: UIAutomator2, appium:chromedriverEnableAsyncDownload: true, appium:deviceName: Pixel 7 Pro API 34, platformName: ANDROID}}]\nCapabilities {appium:app: /Users/princeanriepineda/Gi..., appium:automationName: UIAutomator2, appium:chromedriverEnableAsyncDownload: true, appium:deviceName: Pixel 7 Pro API 34, platformName: ANDROID}\n\tat org.openqa.selenium.remote.ProtocolHandshake.createSession(ProtocolHandshake.java:140)\n\tat java.base/jdk.internal.reflect.DirectMethodHandleAccessor.invoke(DirectMethodHandleAccessor.java:103)\n\tat java.base/java.lang.reflect.Method.invoke(Method.java:580)\n\tat io.appium.java_client.remote.AppiumProtocolHandshake.createSession(AppiumProtocolHandshake.java:133)\n\tat io.appium.java_client.remote.AppiumProtocolHandshake.createSession(AppiumProtocolHandshake.java:102)\n\tat io.appium.java_client.remote.AppiumCommandExecutor.createSession(AppiumCommandExecutor.java:177)\n\tat io.appium.java_client.remote.AppiumCommandExecutor.execute(AppiumCommandExecutor.java:238)\n\tat org.openqa.selenium.remote.RemoteWebDriver.execute(RemoteWebDriver.java:523)\n\tat io.appium.java_client.AppiumDriver.startSession(AppiumDriver.java:268)\n\tat org.openqa.selenium.remote.RemoteWebDriver.<init>(RemoteWebDriver.java:164)\n\tat io.appium.java_client.AppiumDriver.<init>(AppiumDriver.java:90)\n\tat io.appium.java_client.AppiumDriver.<init>(AppiumDriver.java:102)\n\tat io.appium.java_client.android.AndroidDriver.<init>(AndroidDriver.java:109)\n\tat Base.AndroidBaseTest.ConfigureAppium(AndroidBaseTest.java:46)\n\tat java.base/jdk.internal.reflect.DirectMethodHandleAccessor.invoke(DirectMethodHandleAccessor.java:103)\n\tat java.base/java.lang.reflect.Method.invoke(Method.java:580)\n\tat org.testng.internal.invokers.MethodInvocationHelper.invokeMethod(MethodInvocationHelper.java:139)\n\tat org.testng.internal.invokers.MethodInvocationHelper.invokeMethodConsideringTimeout(MethodInvocationHelper.java:69)\n\tat org.testng.internal.invokers.ConfigInvoker.invokeConfigurationMethod(ConfigInvoker.java:390)\n\tat org.testng.internal.invokers.ConfigInvoker.invokeConfigurations(ConfigInvoker.java:325)\n\tat org.testng.internal.invokers.TestInvoker.runConfigMethods(TestInvoker.java:810)\n\tat org.testng.internal.invokers.TestInvoker.invokeMethod(TestInvoker.java:577)\n\tat org.testng.internal.invokers.TestInvoker.invokeTestMethod(TestInvoker.java:227)\n\tat org.testng.internal.invokers.MethodRunner.runInSequence(MethodRunner.java:50)\n\tat org.testng.internal.invokers.TestInvoker$MethodInvocationAgent.invoke(TestInvoker.java:957)\n\tat org.testng.internal.invokers.TestInvoker.invokeTestMethods(TestInvoker.java:200)\n\tat org.testng.internal.invokers.TestMethodWorker.invokeTestMethods(TestMethodWorker.java:148)\n\tat org.testng.internal.invokers.TestMethodWorker.run(TestMethodWorker.java:128)\n\tat java.base/java.util.ArrayList.forEach(ArrayList.java:1596)\n\tat org.testng.TestRunner.privateRun(TestRunner.java:848)\n\tat org.testng.TestRunner.run(TestRunner.java:621)\n\tat org.testng.SuiteRunner.runTest(SuiteRunner.java:443)\n\tat org.testng.SuiteRunner.runSequentially(SuiteRunner.java:437)\n\tat org.testng.SuiteRunner.privateRun(SuiteRunner.java:397)\n\tat org.testng.SuiteRunner.run(SuiteRunner.java:336)\n\tat org.testng.SuiteRunnerWorker.runSuite(SuiteRunnerWorker.java:52)\n\tat org.testng.SuiteRunnerWorker.run(SuiteRunnerWorker.java:95)\n\tat org.testng.TestNG.runSuitesSequentially(TestNG.java:1280)\n\tat org.testng.TestNG.runSuitesLocally(TestNG.java:1200)\n\tat org.testng.TestNG.runSuites(TestNG.java:1114)\n\tat org.testng.TestNG.run(TestNG.java:1082)\n\tat com.intellij.rt.testng.IDEARemoteTestNG.run(IDEARemoteTestNG.java:66)\n\tat com.intellij.rt.testng.RemoteTestNGStarter.main(RemoteTestNGStarter.java:105)\n"},"stage":"finished","steps":[],"attachments":[],"parameters":[],"start":1704277730889,"stop":1704277730890}