{"uuid":"b76e190a-5053-4663-94d3-dfa7898beee3","historyId":"447d8190bf1445e6a1303998bf58b2df","fullName":"TestCases.AndroidUICatalogAlertsAndModals_TestCase.Test1AlertAndModals","labels":[{"name":"package","value":"TestCases.AndroidUICatalogAlertsAndModals_TestCase"},{"name":"testClass","value":"TestCases.AndroidUICatalogAlertsAndModals_TestCase"},{"name":"testMethod","value":"Test1AlertAndModals"},{"name":"parentSuite","value":"All Test Suite"},{"name":"suite","value":"C:/Users/princeanriepineda/GitAppium/AppiumTrainingHybridFramework"},{"name":"subSuite","value":"TestCases.AndroidUICatalogAlertsAndModals_TestCase"},{"name":"host","value":"PPineda-EDP-100-981"},{"name":"thread","value":"94949@PPineda-EDP-100-981.main(1)"},{"name":"framework","value":"testng"},{"name":"language","value":"java"},{"name":"epic","value":"Epic: User Management"},{"name":"feature","value":"Feature: Alerts & Modals Android"},{"name":"story","value":"Story: Alerts & Modals Scenario"}],"links":[],"name":"Test1AlertAndModals","status":"broken","statusDetails":{"known":false,"muted":false,"flaky":false,"message":"Can't locate an element by this strategy: By.chained({By.xpath: //android.widget.Button[@content-desc=\"SHOW PROMPT\"]})","trace":"org.openqa.selenium.NoSuchElementException: Can't locate an element by this strategy: By.chained({By.xpath: //android.widget.Button[@content-desc=\"SHOW PROMPT\"]})\n\tat io.appium.java_client.pagefactory.AppiumElementLocator.findElement(AppiumElementLocator.java:166)\n\tat io.appium.java_client.pagefactory.interceptors.InterceptorOfASingleElement.call(InterceptorOfASingleElement.java:64)\n\tat io.appium.java_client.proxy.Interceptor.intercept(Interceptor.java:77)\n\tat org.openqa.selenium.remote.RemoteWebElement$ByteBuddy$GQpgvBs9.isEnabled(Unknown Source)\n\tat AndroidPageObject.UIFrameworkCatalogPhonon131DialogsPage.Phonon131ShowPromptAndModal(UIFrameworkCatalogPhonon131DialogsPage.java:55)\n\tat TestCases.AndroidUICatalogAlertsAndModals_TestCase.Test1AlertAndModals(AndroidUICatalogAlertsAndModals_TestCase.java:24)\n\tat java.base/jdk.internal.reflect.DirectMethodHandleAccessor.invoke(DirectMethodHandleAccessor.java:103)\n\tat java.base/java.lang.reflect.Method.invoke(Method.java:580)\n\tat org.testng.internal.invokers.MethodInvocationHelper.invokeMethod(MethodInvocationHelper.java:139)\n\tat org.testng.internal.invokers.TestInvoker.invokeMethod(TestInvoker.java:664)\n\tat org.testng.internal.invokers.TestInvoker.invokeTestMethod(TestInvoker.java:227)\n\tat org.testng.internal.invokers.MethodRunner.runInSequence(MethodRunner.java:50)\n\tat org.testng.internal.invokers.TestInvoker$MethodInvocationAgent.invoke(TestInvoker.java:957)\n\tat org.testng.internal.invokers.TestInvoker.invokeTestMethods(TestInvoker.java:200)\n\tat org.testng.internal.invokers.TestMethodWorker.invokeTestMethods(TestMethodWorker.java:148)\n\tat org.testng.internal.invokers.TestMethodWorker.run(TestMethodWorker.java:128)\n\tat java.base/java.util.ArrayList.forEach(ArrayList.java:1596)\n\tat org.testng.TestRunner.privateRun(TestRunner.java:848)\n\tat org.testng.TestRunner.run(TestRunner.java:621)\n\tat org.testng.SuiteRunner.runTest(SuiteRunner.java:443)\n\tat org.testng.SuiteRunner.runSequentially(SuiteRunner.java:437)\n\tat org.testng.SuiteRunner.privateRun(SuiteRunner.java:397)\n\tat org.testng.SuiteRunner.run(SuiteRunner.java:336)\n\tat org.testng.SuiteRunnerWorker.runSuite(SuiteRunnerWorker.java:52)\n\tat org.testng.SuiteRunnerWorker.run(SuiteRunnerWorker.java:95)\n\tat org.testng.TestNG.runSuitesSequentially(TestNG.java:1280)\n\tat org.testng.TestNG.runSuitesLocally(TestNG.java:1200)\n\tat org.testng.TestNG.runSuites(TestNG.java:1114)\n\tat org.testng.TestNG.run(TestNG.java:1082)\n\tat com.intellij.rt.testng.IDEARemoteTestNG.run(IDEARemoteTestNG.java:66)\n\tat com.intellij.rt.testng.RemoteTestNGStarter.main(RemoteTestNGStarter.java:105)\nCaused by: org.openqa.selenium.TimeoutException: Expected condition failed: waiting for io.appium.java_client.pagefactory.AppiumElementLocator$WaitingFunction@4e5fd7e6 (tried for 1 second(s) with 500 milliseconds interval)\n\tat org.openqa.selenium.support.ui.FluentWait.timeoutException(FluentWait.java:265)\n\tat org.openqa.selenium.support.ui.FluentWait.until(FluentWait.java:228)\n\tat io.appium.java_client.pagefactory.AppiumElementLocator.waitFor(AppiumElementLocator.java:135)\n\tat io.appium.java_client.pagefactory.AppiumElementLocator.findElement(AppiumElementLocator.java:160)\n\t... 30 more\nCaused by: org.openqa.selenium.NoSuchElementException: Cannot locate an element using By.chained({By.xpath: //android.widget.Button[@content-desc=\"SHOW PROMPT\"]})\nFor documentation on this error, please visit: https://www.selenium.dev/documentation/webdriver/troubleshooting/errors#no-such-element-exception\nBuild info: version: '4.17.0', revision: 'e52b1be057*'\nSystem info: os.name: 'Mac OS X', os.arch: 'aarch64', os.version: '14.2.1', java.version: '21.0.1'\nDriver info: driver.version: RemoteWebDriver\n\tat io.appium.java_client.pagefactory.bys.builder.ByChained.findElement(ByChained.java:77)\n\tat org.openqa.selenium.remote.ElementLocation$ElementFinder$1.findElement(ElementLocation.java:139)\n\tat org.openqa.selenium.remote.ElementLocation.findElement(ElementLocation.java:59)\n\tat org.openqa.selenium.remote.RemoteWebDriver.findElement(RemoteWebDriver.java:356)\n\tat org.openqa.selenium.remote.RemoteWebDriver.findElement(RemoteWebDriver.java:350)\n\tat io.appium.java_client.pagefactory.bys.ContentMappedBy.findElement(ContentMappedBy.java:53)\n\tat org.openqa.selenium.remote.ElementLocation$ElementFinder$1.findElement(ElementLocation.java:139)\n\tat org.openqa.selenium.remote.ElementLocation.findElement(ElementLocation.java:59)\n\tat org.openqa.selenium.remote.RemoteWebDriver.findElement(RemoteWebDriver.java:356)\n\tat org.openqa.selenium.remote.RemoteWebDriver.findElement(RemoteWebDriver.java:350)\n\tat io.appium.java_client.pagefactory.AppiumElementLocator.lambda$findElement$1(AppiumElementLocator.java:160)\n\tat io.appium.java_client.pagefactory.AppiumElementLocator$WaitingFunction.apply(AppiumElementLocator.java:217)\n\tat io.appium.java_client.pagefactory.AppiumElementLocator$WaitingFunction.apply(AppiumElementLocator.java:210)\n\tat org.openqa.selenium.support.ui.FluentWait.until(FluentWait.java:203)\n\t... 32 more\n"},"stage":"finished","description":"Description: Validation of Show Alert, Show Prompt And Show Confirm ","steps":[{"name":"Step: Framework Selection In Landing Page","status":"passed","stage":"finished","steps":[{"name":"Clicked Framework Selection","status":"passed","stage":"finished","steps":[],"attachments":[],"parameters":[],"start":1706592853939,"stop":1706592853939}],"attachments":[{"name":"screenshot","source":"b949f1f1-c5d3-4119-9cf5-11a0bf8d7ab8-attachment","type":"image/png"},{"name":"Validation Passed! Click DropDown For Actual Value.","source":"c8616cce-14ad-422b-9cb8-4c0354eb94b1-attachment.txt","type":"text/plain"}],"parameters":[{"name":"framework","value":"Phonon 1.3.1"}],"start":1706592853939,"stop":1706592857004},{"name":"Step: Click Dialogs Button Of Landing Page In The Phonon 1.3.1 Framework","status":"passed","stage":"finished","steps":[{"name":"Dialogs Button Clicked","status":"passed","stage":"finished","steps":[],"attachments":[],"parameters":[],"start":1706592857005,"stop":1706592857005}],"attachments":[{"name":"screenshot","source":"858e40e9-d07d-4deb-8999-72f1dbd36aea-attachment","type":"image/png"},{"name":"Validation Passed! Check The Dropdown","source":"d581b31e-fa82-4d3e-a44c-6a136f4d646a-attachment.txt","type":"text/plain"}],"parameters":[],"start":1706592857005,"stop":1706592859760},{"name":"Step: Alerts & Modals Scenario : Validate Show Alert Button & Modal in the Phonon 1.3.1 Dialogs Page","status":"passed","stage":"finished","steps":[{"name":"Phonon 1.3.1 Click Show Alert Button And Validate The Alert Modal","status":"passed","stage":"finished","steps":[],"attachments":[],"parameters":[],"start":1706592859761,"stop":1706592859761}],"attachments":[{"name":"screenshot","source":"6490db52-2859-4cce-8a2f-77f8b5d78582-attachment","type":"image/png"},{"name":"Validation Passed! Check The Dropdown","source":"2b642440-c221-432e-8aa9-1b69f7697c6c-attachment.txt","type":"text/plain"}],"parameters":[],"start":1706592859761,"stop":1706592862195},{"name":"Step: Alerts & Modals Scenario : Validate Show Prompt Button & Modal in the Phonon 1.3.1 Dialogs Page","status":"broken","statusDetails":{"known":false,"muted":false,"flaky":false,"message":"Can't locate an element by this strategy: By.chained({By.xpath: //android.widget.Button[@content-desc=\"SHOW PROMPT\"]})","trace":"org.openqa.selenium.NoSuchElementException: Can't locate an element by this strategy: By.chained({By.xpath: //android.widget.Button[@content-desc=\"SHOW PROMPT\"]})\n\tat io.appium.java_client.pagefactory.AppiumElementLocator.findElement(AppiumElementLocator.java:166)\n\tat io.appium.java_client.pagefactory.interceptors.InterceptorOfASingleElement.call(InterceptorOfASingleElement.java:64)\n\tat io.appium.java_client.proxy.Interceptor.intercept(Interceptor.java:77)\n\tat org.openqa.selenium.remote.RemoteWebElement$ByteBuddy$GQpgvBs9.isEnabled(Unknown Source)\n\tat AndroidPageObject.UIFrameworkCatalogPhonon131DialogsPage.Phonon131ShowPromptAndModal(UIFrameworkCatalogPhonon131DialogsPage.java:55)\n\tat TestCases.AndroidUICatalogAlertsAndModals_TestCase.Test1AlertAndModals(AndroidUICatalogAlertsAndModals_TestCase.java:24)\n\tat java.base/jdk.internal.reflect.DirectMethodHandleAccessor.invoke(DirectMethodHandleAccessor.java:103)\n\tat java.base/java.lang.reflect.Method.invoke(Method.java:580)\n\tat org.testng.internal.invokers.MethodInvocationHelper.invokeMethod(MethodInvocationHelper.java:139)\n\tat org.testng.internal.invokers.TestInvoker.invokeMethod(TestInvoker.java:664)\n\tat org.testng.internal.invokers.TestInvoker.invokeTestMethod(TestInvoker.java:227)\n\tat org.testng.internal.invokers.MethodRunner.runInSequence(MethodRunner.java:50)\n\tat org.testng.internal.invokers.TestInvoker$MethodInvocationAgent.invoke(TestInvoker.java:957)\n\tat org.testng.internal.invokers.TestInvoker.invokeTestMethods(TestInvoker.java:200)\n\tat org.testng.internal.invokers.TestMethodWorker.invokeTestMethods(TestMethodWorker.java:148)\n\tat org.testng.internal.invokers.TestMethodWorker.run(TestMethodWorker.java:128)\n\tat java.base/java.util.ArrayList.forEach(ArrayList.java:1596)\n\tat org.testng.TestRunner.privateRun(TestRunner.java:848)\n\tat org.testng.TestRunner.run(TestRunner.java:621)\n\tat org.testng.SuiteRunner.runTest(SuiteRunner.java:443)\n\tat org.testng.SuiteRunner.runSequentially(SuiteRunner.java:437)\n\tat org.testng.SuiteRunner.privateRun(SuiteRunner.java:397)\n\tat org.testng.SuiteRunner.run(SuiteRunner.java:336)\n\tat org.testng.SuiteRunnerWorker.runSuite(SuiteRunnerWorker.java:52)\n\tat org.testng.SuiteRunnerWorker.run(SuiteRunnerWorker.java:95)\n\tat org.testng.TestNG.runSuitesSequentially(TestNG.java:1280)\n\tat org.testng.TestNG.runSuitesLocally(TestNG.java:1200)\n\tat org.testng.TestNG.runSuites(TestNG.java:1114)\n\tat org.testng.TestNG.run(TestNG.java:1082)\n\tat com.intellij.rt.testng.IDEARemoteTestNG.run(IDEARemoteTestNG.java:66)\n\tat com.intellij.rt.testng.RemoteTestNGStarter.main(RemoteTestNGStarter.java:105)\nCaused by: org.openqa.selenium.TimeoutException: Expected condition failed: waiting for io.appium.java_client.pagefactory.AppiumElementLocator$WaitingFunction@4e5fd7e6 (tried for 1 second(s) with 500 milliseconds interval)\n\tat org.openqa.selenium.support.ui.FluentWait.timeoutException(FluentWait.java:265)\n\tat org.openqa.selenium.support.ui.FluentWait.until(FluentWait.java:228)\n\tat io.appium.java_client.pagefactory.AppiumElementLocator.waitFor(AppiumElementLocator.java:135)\n\tat io.appium.java_client.pagefactory.AppiumElementLocator.findElement(AppiumElementLocator.java:160)\n\t... 30 more\nCaused by: org.openqa.selenium.NoSuchElementException: Cannot locate an element using By.chained({By.xpath: //android.widget.Button[@content-desc=\"SHOW PROMPT\"]})\nFor documentation on this error, please visit: https://www.selenium.dev/documentation/webdriver/troubleshooting/errors#no-such-element-exception\nBuild info: version: '4.17.0', revision: 'e52b1be057*'\nSystem info: os.name: 'Mac OS X', os.arch: 'aarch64', os.version: '14.2.1', java.version: '21.0.1'\nDriver info: driver.version: RemoteWebDriver\n\tat io.appium.java_client.pagefactory.bys.builder.ByChained.findElement(ByChained.java:77)\n\tat org.openqa.selenium.remote.ElementLocation$ElementFinder$1.findElement(ElementLocation.java:139)\n\tat org.openqa.selenium.remote.ElementLocation.findElement(ElementLocation.java:59)\n\tat org.openqa.selenium.remote.RemoteWebDriver.findElement(RemoteWebDriver.java:356)\n\tat org.openqa.selenium.remote.RemoteWebDriver.findElement(RemoteWebDriver.java:350)\n\tat io.appium.java_client.pagefactory.bys.ContentMappedBy.findElement(ContentMappedBy.java:53)\n\tat org.openqa.selenium.remote.ElementLocation$ElementFinder$1.findElement(ElementLocation.java:139)\n\tat org.openqa.selenium.remote.ElementLocation.findElement(ElementLocation.java:59)\n\tat org.openqa.selenium.remote.RemoteWebDriver.findElement(RemoteWebDriver.java:356)\n\tat org.openqa.selenium.remote.RemoteWebDriver.findElement(RemoteWebDriver.java:350)\n\tat io.appium.java_client.pagefactory.AppiumElementLocator.lambda$findElement$1(AppiumElementLocator.java:160)\n\tat io.appium.java_client.pagefactory.AppiumElementLocator$WaitingFunction.apply(AppiumElementLocator.java:217)\n\tat io.appium.java_client.pagefactory.AppiumElementLocator$WaitingFunction.apply(AppiumElementLocator.java:210)\n\tat org.openqa.selenium.support.ui.FluentWait.until(FluentWait.java:203)\n\t... 32 more\n"},"stage":"finished","steps":[{"name":"Phonon 1.3.1 Click Show Prompt Button, Inject Value And Validate The Alert Modal","status":"passed","stage":"finished","steps":[],"attachments":[],"parameters":[],"start":1706592862195,"stop":1706592862195}],"attachments":[],"parameters":[{"name":"Value","value":"Pedro"}],"start":1706592862195,"stop":1706592922333}],"attachments":[],"parameters":[],"start":1706592853939,"stop":1706592922334}