{"uuid":"c9f5b672-1c86-42b0-b599-9c4bc4231667","historyId":"4d7ccb601415f4310a548ac278f9a9a","fullName":"TestCases.AndroidAPIDemos_SelectDropDownTestCase.Test1SelectDropDown","labels":[{"name":"package","value":"TestCases.AndroidAPIDemos_SelectDropDownTestCase"},{"name":"testClass","value":"TestCases.AndroidAPIDemos_SelectDropDownTestCase"},{"name":"testMethod","value":"Test1SelectDropDown"},{"name":"parentSuite","value":"Default Suite"},{"name":"suite","value":"AppiumTrainingHybridFramework"},{"name":"subSuite","value":"TestCases.AndroidAPIDemos_SelectDropDownTestCase"},{"name":"host","value":"PPineda-EDP-100-981.local"},{"name":"thread","value":"64791@PPineda-EDP-100-981.local.main(1)"},{"name":"framework","value":"testng"},{"name":"language","value":"java"},{"name":"epic","value":"Epic: User Management"},{"name":"feature","value":"Feature: Select Drop Down Android"},{"name":"story","value":"Story: SelectDropDown Scenario"}],"links":[],"name":"Test1SelectDropDown","status":"failed","statusDetails":{"known":false,"muted":false,"flaky":false,"message":"Mismatch Selcted to Actual Output expected [blue] but found [//android.widget.TextView[@resource-id=\"android:id/text1\" and @text=\"blue\"]]","trace":"java.lang.AssertionError: Mismatch Selcted to Actual Output expected [blue] but found [//android.widget.TextView[@resource-id=\"android:id/text1\" and @text=\"blue\"]]\n\tat org.testng.Assert.fail(Assert.java:111)\n\tat org.testng.Assert.failNotEquals(Assert.java:1578)\n\tat org.testng.Assert.assertEqualsImpl(Assert.java:150)\n\tat org.testng.Assert.assertEquals(Assert.java:132)\n\tat org.testng.Assert.assertEquals(Assert.java:656)\n\tat AndroidPageObject.APIDemosSpinnerPage.SelectDropDownListSpinner(APIDemosSpinnerPage.java:40)\n\tat TestCases.AndroidAPIDemos_SelectDropDownTestCase.Test1SelectDropDown(AndroidAPIDemos_SelectDropDownTestCase.java:22)\n\tat java.base/jdk.internal.reflect.DirectMethodHandleAccessor.invoke(DirectMethodHandleAccessor.java:103)\n\tat java.base/java.lang.reflect.Method.invoke(Method.java:580)\n\tat org.testng.internal.invokers.MethodInvocationHelper.invokeMethod(MethodInvocationHelper.java:139)\n\tat org.testng.internal.invokers.TestInvoker.invokeMethod(TestInvoker.java:664)\n\tat org.testng.internal.invokers.TestInvoker.invokeTestMethod(TestInvoker.java:227)\n\tat org.testng.internal.invokers.MethodRunner.runInSequence(MethodRunner.java:50)\n\tat org.testng.internal.invokers.TestInvoker$MethodInvocationAgent.invoke(TestInvoker.java:957)\n\tat org.testng.internal.invokers.TestInvoker.invokeTestMethods(TestInvoker.java:200)\n\tat org.testng.internal.invokers.TestMethodWorker.invokeTestMethods(TestMethodWorker.java:148)\n\tat org.testng.internal.invokers.TestMethodWorker.run(TestMethodWorker.java:128)\n\tat java.base/java.util.ArrayList.forEach(ArrayList.java:1596)\n\tat org.testng.TestRunner.privateRun(TestRunner.java:848)\n\tat org.testng.TestRunner.run(TestRunner.java:621)\n\tat org.testng.SuiteRunner.runTest(SuiteRunner.java:443)\n\tat org.testng.SuiteRunner.runSequentially(SuiteRunner.java:437)\n\tat org.testng.SuiteRunner.privateRun(SuiteRunner.java:397)\n\tat org.testng.SuiteRunner.run(SuiteRunner.java:336)\n\tat org.testng.SuiteRunnerWorker.runSuite(SuiteRunnerWorker.java:52)\n\tat org.testng.SuiteRunnerWorker.run(SuiteRunnerWorker.java:95)\n\tat org.testng.TestNG.runSuitesSequentially(TestNG.java:1280)\n\tat org.testng.TestNG.runSuitesLocally(TestNG.java:1200)\n\tat org.testng.TestNG.runSuites(TestNG.java:1114)\n\tat org.testng.TestNG.run(TestNG.java:1082)\n\tat com.intellij.rt.testng.IDEARemoteTestNG.run(IDEARemoteTestNG.java:66)\n\tat com.intellij.rt.testng.RemoteTestNGStarter.main(RemoteTestNGStarter.java:105)\n"},"stage":"finished","description":"Description: Validation of Select Drop Down ","steps":[{"name":"Step: Click Views Btn In Landing Page","status":"passed","stage":"finished","steps":[{"name":"Clicked Views Button","status":"passed","stage":"finished","steps":[],"attachments":[],"parameters":[],"start":1705996977322,"stop":1705996977322}],"attachments":[{"name":"screenshot","source":"8e4ae336-b733-4cac-86f6-7327c8e317ab-attachment","type":"image/png"},{"name":"Validation Passed! Check DropDown","source":"2f739f8d-4842-4a3e-b30c-7c8a42b18a6e-attachment.txt","type":"text/plain"}],"parameters":[],"start":1705996977322,"stop":1705996982587},{"name":"Step: Click Spinner Btn In Landing Page","status":"passed","stage":"finished","steps":[{"name":"Clicked Spinner Widget Button","status":"passed","stage":"finished","steps":[],"attachments":[],"parameters":[],"start":1705996982588,"stop":1705996982588}],"attachments":[{"name":"screenshot","source":"a6ef7cf7-a939-4f32-b8d4-fd8190083c18-attachment","type":"image/png"},{"name":"Validation Passed! Check DropDown","source":"dd4102f2-86b5-4403-9c83-7660f929390a-attachment.txt","type":"text/plain"}],"parameters":[],"start":1705996982588,"stop":1705996990290},{"name":"Step: Select Drop Down list Scenario: Validate the Select Drop Down In Spinner Page","status":"failed","statusDetails":{"known":false,"muted":false,"flaky":false,"message":"Mismatch Selcted to Actual Output expected [blue] but found [//android.widget.TextView[@resource-id=\"android:id/text1\" and @text=\"blue\"]]","trace":"java.lang.AssertionError: Mismatch Selcted to Actual Output expected [blue] but found [//android.widget.TextView[@resource-id=\"android:id/text1\" and @text=\"blue\"]]\n\tat org.testng.Assert.fail(Assert.java:111)\n\tat org.testng.Assert.failNotEquals(Assert.java:1578)\n\tat org.testng.Assert.assertEqualsImpl(Assert.java:150)\n\tat org.testng.Assert.assertEquals(Assert.java:132)\n\tat org.testng.Assert.assertEquals(Assert.java:656)\n\tat AndroidPageObject.APIDemosSpinnerPage.SelectDropDownListSpinner(APIDemosSpinnerPage.java:40)\n\tat TestCases.AndroidAPIDemos_SelectDropDownTestCase.Test1SelectDropDown(AndroidAPIDemos_SelectDropDownTestCase.java:22)\n\tat java.base/jdk.internal.reflect.DirectMethodHandleAccessor.invoke(DirectMethodHandleAccessor.java:103)\n\tat java.base/java.lang.reflect.Method.invoke(Method.java:580)\n\tat org.testng.internal.invokers.MethodInvocationHelper.invokeMethod(MethodInvocationHelper.java:139)\n\tat org.testng.internal.invokers.TestInvoker.invokeMethod(TestInvoker.java:664)\n\tat org.testng.internal.invokers.TestInvoker.invokeTestMethod(TestInvoker.java:227)\n\tat org.testng.internal.invokers.MethodRunner.runInSequence(MethodRunner.java:50)\n\tat org.testng.internal.invokers.TestInvoker$MethodInvocationAgent.invoke(TestInvoker.java:957)\n\tat org.testng.internal.invokers.TestInvoker.invokeTestMethods(TestInvoker.java:200)\n\tat org.testng.internal.invokers.TestMethodWorker.invokeTestMethods(TestMethodWorker.java:148)\n\tat org.testng.internal.invokers.TestMethodWorker.run(TestMethodWorker.java:128)\n\tat java.base/java.util.ArrayList.forEach(ArrayList.java:1596)\n\tat org.testng.TestRunner.privateRun(TestRunner.java:848)\n\tat org.testng.TestRunner.run(TestRunner.java:621)\n\tat org.testng.SuiteRunner.runTest(SuiteRunner.java:443)\n\tat org.testng.SuiteRunner.runSequentially(SuiteRunner.java:437)\n\tat org.testng.SuiteRunner.privateRun(SuiteRunner.java:397)\n\tat org.testng.SuiteRunner.run(SuiteRunner.java:336)\n\tat org.testng.SuiteRunnerWorker.runSuite(SuiteRunnerWorker.java:52)\n\tat org.testng.SuiteRunnerWorker.run(SuiteRunnerWorker.java:95)\n\tat org.testng.TestNG.runSuitesSequentially(TestNG.java:1280)\n\tat org.testng.TestNG.runSuitesLocally(TestNG.java:1200)\n\tat org.testng.TestNG.runSuites(TestNG.java:1114)\n\tat org.testng.TestNG.run(TestNG.java:1082)\n\tat com.intellij.rt.testng.IDEARemoteTestNG.run(IDEARemoteTestNG.java:66)\n\tat com.intellij.rt.testng.RemoteTestNGStarter.main(RemoteTestNGStarter.java:105)\n"},"stage":"finished","steps":[{"name":"Spinner Drop Down Selection Select Color And Planet","status":"passed","stage":"finished","steps":[],"attachments":[],"parameters":[],"start":1705996990296,"stop":1705996990296}],"attachments":[],"parameters":[{"name":"Color","value":"blue"},{"name":"Planet","value":"Uranus"}],"start":1705996990296,"stop":1705996994398}],"attachments":[],"parameters":[],"start":1705996977313,"stop":1705996994403}