{"uuid":"e6a6b27a-e68c-4f9d-96c4-b80fbbe86c6a","historyId":"c3d080203ab37db79662287addc3641c","fullName":"Base.AndroidBaseTest.ConfigureAppium","labels":[{"name":"package","value":"TestCases.ecommerceapp_testcase4"},{"name":"testClass","value":"TestCases.ecommerceapp_testcase4"},{"name":"testMethod","value":"ConfigureAppium"},{"name":"parentSuite","value":"All Test Suite"},{"name":"suite","value":"C:/Users/Prince Pineda/IdeaProjects/AppiumTrainingHybridFramework"},{"name":"subSuite","value":"TestCases.ecommerceapp_testcase4"},{"name":"host","value":"PPineda-EDP-100-981.local"},{"name":"thread","value":"82109@PPineda-EDP-100-981.local.main(1)"},{"name":"framework","value":"testng"},{"name":"language","value":"java"},{"name":"AS_ID","value":"-1"}],"links":[],"name":"ConfigureAppium","status":"broken","statusDetails":{"known":false,"muted":false,"flaky":false,"message":"The local appium server has not been started\nReason: Timed out waiting for [http://127.0.0.1:4723/status] to be available after 20064 ms\nConsider increasing the server startup timeout value (currently 20000ms)\nNode.js executable path: /usr/local/bin/node\nArguments: [/usr/local/lib/node_modules/appium/build/lib/main.js, --port, 4723, --address, 127.0.0.1]\nOutput: \u001B[35m[Appium]\u001B[39m \u001B[31m'npm' executable is not found neither in the process working folder (/Users/princeanriepineda/IdeaProjects/AppiumTrainingHybridFramework) nor in any folders specified in the PATH environment variable (/Users/princeanriepineda/Downloads/apache-maven-3.9.6/bin:/Library/Java/JavaVirtualMachines/jdk-21.jdk/Contents/Home/bin:/Library/Java/JavaVirtualMachines/jdk-21.jdk/Contents/Home/bin:/usr/bin:/bin:/usr/sbin:/sbin)\u001B[39m\n","trace":"io.appium.java_client.service.local.AppiumServerHasNotBeenStartedLocallyException: The local appium server has not been started\nReason: Timed out waiting for [http://127.0.0.1:4723/status] to be available after 20064 ms\nConsider increasing the server startup timeout value (currently 20000ms)\nNode.js executable path: /usr/local/bin/node\nArguments: [/usr/local/lib/node_modules/appium/build/lib/main.js, --port, 4723, --address, 127.0.0.1]\nOutput: \u001B[35m[Appium]\u001B[39m \u001B[31m'npm' executable is not found neither in the process working folder (/Users/princeanriepineda/IdeaProjects/AppiumTrainingHybridFramework) nor in any folders specified in the PATH environment variable (/Users/princeanriepineda/Downloads/apache-maven-3.9.6/bin:/Library/Java/JavaVirtualMachines/jdk-21.jdk/Contents/Home/bin:/Library/Java/JavaVirtualMachines/jdk-21.jdk/Contents/Home/bin:/usr/bin:/bin:/usr/sbin:/sbin)\u001B[39m\n\n\tat io.appium.java_client.service.local.AppiumDriverLocalService.start(AppiumDriverLocalService.java:203)\n\tat Utils.AppiumUtils.startAppiumServer(AppiumUtils.java:56)\n\tat Base.AndroidBaseTest.ConfigureAppium(AndroidBaseTest.java:38)\n\tat java.base/jdk.internal.reflect.DirectMethodHandleAccessor.invoke(DirectMethodHandleAccessor.java:103)\n\tat java.base/java.lang.reflect.Method.invoke(Method.java:580)\n\tat org.testng.internal.invokers.MethodInvocationHelper.invokeMethod(MethodInvocationHelper.java:139)\n\tat org.testng.internal.invokers.MethodInvocationHelper.invokeMethodConsideringTimeout(MethodInvocationHelper.java:69)\n\tat org.testng.internal.invokers.ConfigInvoker.invokeConfigurationMethod(ConfigInvoker.java:390)\n\tat org.testng.internal.invokers.ConfigInvoker.invokeConfigurations(ConfigInvoker.java:325)\n\tat org.testng.internal.invokers.TestInvoker.runConfigMethods(TestInvoker.java:810)\n\tat org.testng.internal.invokers.TestInvoker.invokeMethod(TestInvoker.java:577)\n\tat org.testng.internal.invokers.TestInvoker.invokeTestMethod(TestInvoker.java:227)\n\tat org.testng.internal.invokers.MethodRunner.runInSequence(MethodRunner.java:50)\n\tat org.testng.internal.invokers.TestInvoker$MethodInvocationAgent.invoke(TestInvoker.java:957)\n\tat org.testng.internal.invokers.TestInvoker.invokeTestMethods(TestInvoker.java:200)\n\tat org.testng.internal.invokers.TestMethodWorker.invokeTestMethods(TestMethodWorker.java:148)\n\tat org.testng.internal.invokers.TestMethodWorker.run(TestMethodWorker.java:128)\n\tat java.base/java.util.ArrayList.forEach(ArrayList.java:1596)\n\tat org.testng.TestRunner.privateRun(TestRunner.java:848)\n\tat org.testng.TestRunner.run(TestRunner.java:621)\n\tat org.testng.SuiteRunner.runTest(SuiteRunner.java:443)\n\tat org.testng.SuiteRunner.runSequentially(SuiteRunner.java:437)\n\tat org.testng.SuiteRunner.privateRun(SuiteRunner.java:397)\n\tat org.testng.SuiteRunner.run(SuiteRunner.java:336)\n\tat org.testng.SuiteRunnerWorker.runSuite(SuiteRunnerWorker.java:52)\n\tat org.testng.SuiteRunnerWorker.run(SuiteRunnerWorker.java:95)\n\tat org.testng.TestNG.runSuitesSequentially(TestNG.java:1280)\n\tat org.testng.TestNG.runSuitesLocally(TestNG.java:1200)\n\tat org.testng.TestNG.runSuites(TestNG.java:1114)\n\tat org.testng.TestNG.run(TestNG.java:1082)\n\tat org.apache.maven.surefire.testng.TestNGExecutor.run(TestNGExecutor.java:308)\n\tat org.apache.maven.surefire.testng.TestNGXmlTestSuite.execute(TestNGXmlTestSuite.java:71)\n\tat org.apache.maven.surefire.testng.TestNGProvider.invoke(TestNGProvider.java:113)\n\tat org.apache.maven.surefire.booter.ForkedBooter.runSuitesInProcess(ForkedBooter.java:385)\n\tat org.apache.maven.surefire.booter.ForkedBooter.execute(ForkedBooter.java:162)\n\tat org.apache.maven.surefire.booter.ForkedBooter.run(ForkedBooter.java:507)\n\tat org.apache.maven.surefire.booter.ForkedBooter.main(ForkedBooter.java:495)\nCaused by: org.openqa.selenium.net.UrlChecker$TimeoutException: Timed out waiting for [http://127.0.0.1:4723/status] to be available after 20064 ms\n\tat org.openqa.selenium.net.UrlChecker.waitUntilAvailable(UrlChecker.java:94)\n\tat io.appium.java_client.service.local.AppiumDriverLocalService.ping(AppiumDriverLocalService.java:157)\n\tat io.appium.java_client.service.local.AppiumDriverLocalService.start(AppiumDriverLocalService.java:182)\n\t... 36 more\nCaused by: java.util.concurrent.TimeoutException\n\tat java.base/java.util.concurrent.FutureTask.get(FutureTask.java:204)\n\tat org.openqa.selenium.net.UrlChecker.waitUntilAvailable(UrlChecker.java:91)\n\t... 38 more\n"},"stage":"finished","steps":[],"attachments":[],"parameters":[],"start":1703124604641,"stop":1703124604642}